%!Adobe-FontList 1.14
%Locale:0x412

%BeginFont
Handler:DirectoryHandler
FontType:Invalid
OutlineFileName:D:\해란\00_drama\01_MBC\mbc_365_천수진\10_200208_[m]병원홈페이지\images\Font\NanumBarunGothic.eot
FileModTime:1581122231
%EndFont

%BeginFont
Handler:DirectoryHandler
FontType:TrueType
FontName:NanumBarunGothic
FamilyName:NanumBarunGothic
StyleName:Regular
FullName:NanumBarunGothic
MenuName:나눔바른고딕
StyleBits:0
FamilyNameNative:나눔바른고딕
StyleNameNative:Regular
FullNameNative:나눔바른고딕
WritingScript:Korean
OutlineFileName:D:\해란\00_drama\01_MBC\mbc_365_천수진\10_200208_[m]병원홈페이지\images\Font\NanumBarunGothic.ttf
DataFormat:sfntData
FileLength:4186060
FileModTime:1581122230
WeightClass:400
WidthClass:5
AngleClass:0
%EndFont

%BeginFont
Handler:DirectoryHandler
FontType:Invalid
OutlineFileName:D:\해란\00_drama\01_MBC\mbc_365_천수진\10_200208_[m]병원홈페이지\images\Font\NanumBarunGothic.woff
FileModTime:1581122230
%EndFont

%BeginFont
Handler:DirectoryHandler
FontType:Invalid
OutlineFileName:D:\해란\00_drama\01_MBC\mbc_365_천수진\10_200208_[m]병원홈페이지\images\Font\NanumBarunGothicBold.eot
FileModTime:1581122230
%EndFont

%BeginFont
Handler:DirectoryHandler
FontType:TrueType
FontName:NanumBarunGothicBold
FamilyName:NanumBarunGothic
StyleName:Bold
FullName:NanumBarunGothic Bold
MenuName:나눔바른고딕
StyleBits:2
FamilyNameNative:나눔바른고딕
StyleNameNative:Bold
FullNameNative:나눔바른고딕 Bold
WritingScript:Korean
OutlineFileName:D:\해란\00_drama\01_MBC\mbc_365_천수진\10_200208_[m]병원홈페이지\images\Font\NanumBarunGothicBold.ttf
DataFormat:sfntData
FileLength:4415956
FileModTime:1581122230
WeightClass:600
WidthClass:5
AngleClass:0
%EndFont

%BeginFont
Handler:DirectoryHandler
FontType:Invalid
OutlineFileName:D:\해란\00_drama\01_MBC\mbc_365_천수진\10_200208_[m]병원홈페이지\images\Font\NanumBarunGothicBold.woff
FileModTime:1581122229
%EndFont

%BeginFont
Handler:DirectoryHandler
FontType:Invalid
OutlineFileName:D:\해란\00_drama\01_MBC\mbc_365_천수진\10_200208_[m]병원홈페이지\images\Font\NanumGothic.eot
FileModTime:1581122230
%EndFont

%BeginFont
Handler:DirectoryHandler
FontType:Invalid
OutlineFileName:D:\해란\00_drama\01_MBC\mbc_365_천수진\10_200208_[m]병원홈페이지\images\Font\NanumGothic.woff
FileModTime:1581122229
%EndFont

%BeginFont
Handler:DirectoryHandler
FontType:Invalid
OutlineFileName:D:\해란\00_drama\01_MBC\mbc_365_천수진\10_200208_[m]병원홈페이지\images\Font\NanumGothicBold.eot
FileModTime:1581122229
%EndFont

%BeginFont
Handler:DirectoryHandler
FontType:Invalid
OutlineFileName:D:\해란\00_drama\01_MBC\mbc_365_천수진\10_200208_[m]병원홈페이지\images\Font\NanumGothicBold.woff
FileModTime:1581122229
%EndFont

%BeginFont
Handler:DirectoryHandler
FontType:Invalid
OutlineFileName:D:\해란\00_drama\01_MBC\mbc_365_천수진\10_200208_[m]병원홈페이지\images\Font\nanumsquareb.eot
FileModTime:1581122228
%EndFont

%BeginFont
Handler:DirectoryHandler
FontType:Invalid
OutlineFileName:D:\해란\00_drama\01_MBC\mbc_365_천수진\10_200208_[m]병원홈페이지\images\Font\nanumsquareb.woff
FileModTime:1581122228
%EndFont

%BeginFont
Handler:DirectoryHandler
FontType:Invalid
OutlineFileName:D:\해란\00_drama\01_MBC\mbc_365_천수진\10_200208_[m]병원홈페이지\images\Font\nanumsquareb.woff2
FileModTime:1581122228
%EndFont

%BeginFont
Handler:DirectoryHandler
FontType:Invalid
OutlineFileName:D:\해란\00_drama\01_MBC\mbc_365_천수진\10_200208_[m]병원홈페이지\images\Font\NanumSquareR.eot
FileModTime:1581122228
%EndFont

%BeginFont
Handler:DirectoryHandler
FontType:Invalid
OutlineFileName:D:\해란\00_drama\01_MBC\mbc_365_천수진\10_200208_[m]병원홈페이지\images\Font\NanumSquareR.woff
FileModTime:1581122228
%EndFont

